CRITICAL - 2023-09-28 14:52:08 --> Call to a member function getError() on null
in APPPATH\Views\back\usuario\editar_usuarios.php on line 83.
 1 SYSTEMPATH\View\View.php(224): include()
 2 SYSTEMPATH\View\View.php(227): CodeIgniter\View\View->CodeIgniter\View\{closure}()
 3 SYSTEMPATH\Common.php(1176): CodeIgniter\View\View->render('back/usuario/editar_usuarios', [], true)
 4 APPPATH\Controllers\Home.php(46): view('back/usuario/editar_usuarios')
 5 SYSTEMPATH\CodeIgniter.php(932): App\Controllers\Home->editar_usuarios()
 6 SYSTEMPATH\CodeIgniter.php(497): CodeIgniter\CodeIgniter->runController(Object(App\Controllers\Home))
 7 SYSTEMPATH\CodeIgniter.php(366): CodeIgniter\CodeIgniter->handleRequest(null, Object(Config\Cache), false)
 8 FCPATH\index.php(67): CodeIgniter\CodeIgniter->run()
CRITICAL - 2023-09-28 16:52:17 --> Use of undefined constant id - assumed 'id' (this will throw an Error in a future version of PHP)
in APPPATH\Views\back\usuario\editar_usuarios.php on line 59.
 1 APPPATH\Views\back\usuario\editar_usuarios.php(59): CodeIgniter\Debug\Exceptions->errorHandler(2, 'Use of undefined constant id - assumed \'id\' (this will throw an Error in a future version of PHP)', 'C:\\xampp\\htdocs\\primer_proyecto2\\app\\Views\\back\\usuario\\editar_usuarios.php', 59, [...])
 2 SYSTEMPATH\View\View.php(224): include('C:\\xampp\\htdocs\\primer_proyecto2\\app\\Views\\back\\usuario\\editar_usuarios.php')
 3 SYSTEMPATH\View\View.php(227): CodeIgniter\View\View->CodeIgniter\View\{closure}()
 4 SYSTEMPATH\Common.php(1176): CodeIgniter\View\View->render('back/usuario/editar_usuarios', [], true)
 5 APPPATH\Controllers\Home.php(46): view('back/usuario/editar_usuarios')
 6 SYSTEMPATH\CodeIgniter.php(932): App\Controllers\Home->editar_usuarios()
 7 SYSTEMPATH\CodeIgniter.php(497): CodeIgniter\CodeIgniter->runController(Object(App\Controllers\Home))
 8 SYSTEMPATH\CodeIgniter.php(366): CodeIgniter\CodeIgniter->handleRequest(null, Object(Config\Cache), false)
 9 FCPATH\index.php(67): CodeIgniter\CodeIgniter->run()
CRITICAL - 2023-09-28 16:53:00 --> Use of undefined constant id_usuario - assumed 'id_usuario' (this will throw an Error in a future version of PHP)
in APPPATH\Views\back\usuario\editar_usuarios.php on line 59.
 1 APPPATH\Views\back\usuario\editar_usuarios.php(59): CodeIgniter\Debug\Exceptions->errorHandler(2, 'Use of undefined constant id_usuario - assumed \'id_usuario\' (this will throw an Error in a future version of PHP)', 'C:\\xampp\\htdocs\\primer_proyecto2\\app\\Views\\back\\usuario\\editar_usuarios.php', 59, [...])
 2 SYSTEMPATH\View\View.php(224): include('C:\\xampp\\htdocs\\primer_proyecto2\\app\\Views\\back\\usuario\\editar_usuarios.php')
 3 SYSTEMPATH\View\View.php(227): CodeIgniter\View\View->CodeIgniter\View\{closure}()
 4 SYSTEMPATH\Common.php(1176): CodeIgniter\View\View->render('back/usuario/editar_usuarios', [], true)
 5 APPPATH\Controllers\Home.php(46): view('back/usuario/editar_usuarios')
 6 SYSTEMPATH\CodeIgniter.php(932): App\Controllers\Home->editar_usuarios()
 7 SYSTEMPATH\CodeIgniter.php(497): CodeIgniter\CodeIgniter->runController(Object(App\Controllers\Home))
 8 SYSTEMPATH\CodeIgniter.php(366): CodeIgniter\CodeIgniter->handleRequest(null, Object(Config\Cache), false)
 9 FCPATH\index.php(67): CodeIgniter\CodeIgniter->run()
CRITICAL - 2023-09-28 21:05:13 --> Invalid file: "back/usuatio/editar.php"
in SYSTEMPATH\Exceptions\FrameworkException.php on line 33.
 1 SYSTEMPATH\View\View.php(212): CodeIgniter\Exceptions\FrameworkException::forInvalidFile('back/usuatio/editar.php')
 2 SYSTEMPATH\Common.php(1176): CodeIgniter\View\View->render('back/usuatio/editar.php', [], true)
 3 APPPATH\Views\back\usuario\editar_usuarios.php(57): view('back/usuatio/editar.php')
 4 SYSTEMPATH\View\View.php(224): include('C:\\xampp\\htdocs\\primer_proyecto2\\app\\Views\\back\\usuario\\editar_usuarios.php')
 5 SYSTEMPATH\View\View.php(227): CodeIgniter\View\View->CodeIgniter\View\{closure}()
 6 SYSTEMPATH\Common.php(1176): CodeIgniter\View\View->render('back/usuario/editar_usuarios', [], true)
 7 APPPATH\Controllers\Home.php(46): view('back/usuario/editar_usuarios')
 8 SYSTEMPATH\CodeIgniter.php(932): App\Controllers\Home->editar_usuarios()
 9 SYSTEMPATH\CodeIgniter.php(497): CodeIgniter\CodeIgniter->runController(Object(App\Controllers\Home))
10 SYSTEMPATH\CodeIgniter.php(366): CodeIgniter\CodeIgniter->handleRequest(null, Object(Config\Cache), false)
11 FCPATH\index.php(67): CodeIgniter\CodeIgniter->run()
CRITICAL - 2023-09-28 21:16:58 --> Call to a member function view() on null
in APPPATH\Views\back\usuario\editar_usuarios.php on line 57.
 1 SYSTEMPATH\View\View.php(224): include()
 2 SYSTEMPATH\View\View.php(227): CodeIgniter\View\View->CodeIgniter\View\{closure}()
 3 SYSTEMPATH\Common.php(1176): CodeIgniter\View\View->render('back/usuario/editar_usuarios', [], true)
 4 APPPATH\Controllers\Home.php(46): view('back/usuario/editar_usuarios')
 5 SYSTEMPATH\CodeIgniter.php(932): App\Controllers\Home->editar_usuarios()
 6 SYSTEMPATH\CodeIgniter.php(497): CodeIgniter\CodeIgniter->runController(Object(App\Controllers\Home))
 7 SYSTEMPATH\CodeIgniter.php(366): CodeIgniter\CodeIgniter->handleRequest(null, Object(Config\Cache), false)
 8 FCPATH\index.php(67): CodeIgniter\CodeIgniter->run()
CRITICAL - 2023-09-28 21:19:43 --> Call to a member function view() on null
in APPPATH\Views\back\usuario\editar_usuarios.php on line 57.
 1 SYSTEMPATH\View\View.php(224): include()
 2 SYSTEMPATH\View\View.php(227): CodeIgniter\View\View->CodeIgniter\View\{closure}()
 3 SYSTEMPATH\Common.php(1176): CodeIgniter\View\View->render('back/usuario/editar_usuarios', [], true)
 4 APPPATH\Controllers\Home.php(46): view('back/usuario/editar_usuarios')
 5 SYSTEMPATH\CodeIgniter.php(932): App\Controllers\Home->editar_usuarios()
 6 SYSTEMPATH\CodeIgniter.php(497): CodeIgniter\CodeIgniter->runController(Object(App\Controllers\Home))
 7 SYSTEMPATH\CodeIgniter.php(366): CodeIgniter\CodeIgniter->handleRequest(null, Object(Config\Cache), false)
 8 FCPATH\index.php(67): CodeIgniter\CodeIgniter->run()
CRITICAL - 2023-09-28 21:35:09 --> Call to a member function view() on null
in APPPATH\Views\back\usuario\editar_usuarios.php on line 57.
 1 SYSTEMPATH\View\View.php(224): include()
 2 SYSTEMPATH\View\View.php(227): CodeIgniter\View\View->CodeIgniter\View\{closure}()
 3 SYSTEMPATH\Common.php(1176): CodeIgniter\View\View->render('back/usuario/editar_usuarios', [], true)
 4 APPPATH\Controllers\Home.php(46): view('back/usuario/editar_usuarios')
 5 SYSTEMPATH\CodeIgniter.php(932): App\Controllers\Home->editar_usuarios()
 6 SYSTEMPATH\CodeIgniter.php(497): CodeIgniter\CodeIgniter->runController(Object(App\Controllers\Home))
 7 SYSTEMPATH\CodeIgniter.php(366): CodeIgniter\CodeIgniter->handleRequest(null, Object(Config\Cache), false)
 8 FCPATH\index.php(67): CodeIgniter\CodeIgniter->run()
