CRITICAL - 2023-09-27 23:28:55 --> include(conexion.php): failed to open stream: No such file or directory
in APPPATH\Views\back\usuario\editar_usuarios.php on line 2.
 1 APPPATH\Views\back\usuario\editar_usuarios.php(2): CodeIgniter\Debug\Exceptions->errorHandler(2, 'include(conexion.php): failed to open stream: No such file or directory', 'C:\\xampp\\htdocs\\primer_proyecto2\\app\\Views\\back\\usuario\\editar_usuarios.php', 2, [...])
 2 APPPATH\Views\back\usuario\editar_usuarios.php(2): include()
 3 SYSTEMPATH\View\View.php(224): include('C:\\xampp\\htdocs\\primer_proyecto2\\app\\Views\\back\\usuario\\editar_usuarios.php')
 4 SYSTEMPATH\View\View.php(227): CodeIgniter\View\View->CodeIgniter\View\{closure}()
 5 SYSTEMPATH\Common.php(1176): CodeIgniter\View\View->render('back/usuario/editar_usuarios', [], true)
 6 APPPATH\Controllers\Home.php(46): view('back/usuario/editar_usuarios')
 7 SYSTEMPATH\CodeIgniter.php(932): App\Controllers\Home->editar_usuarios()
 8 SYSTEMPATH\CodeIgniter.php(497): CodeIgniter\CodeIgniter->runController(Object(App\Controllers\Home))
 9 SYSTEMPATH\CodeIgniter.php(366): CodeIgniter\CodeIgniter->handleRequest(null, Object(Config\Cache), false)
10 FCPATH\index.php(67): CodeIgniter\CodeIgniter->run()
CRITICAL - 2023-09-27 23:29:14 --> include(conexion.php): failed to open stream: No such file or directory
in APPPATH\Views\back\usuario\editar_usuarios.php on line 2.
 1 APPPATH\Views\back\usuario\editar_usuarios.php(2): CodeIgniter\Debug\Exceptions->errorHandler(2, 'include(conexion.php): failed to open stream: No such file or directory', 'C:\\xampp\\htdocs\\primer_proyecto2\\app\\Views\\back\\usuario\\editar_usuarios.php', 2, [...])
 2 APPPATH\Views\back\usuario\editar_usuarios.php(2): include()
 3 SYSTEMPATH\View\View.php(224): include('C:\\xampp\\htdocs\\primer_proyecto2\\app\\Views\\back\\usuario\\editar_usuarios.php')
 4 SYSTEMPATH\View\View.php(227): CodeIgniter\View\View->CodeIgniter\View\{closure}()
 5 SYSTEMPATH\Common.php(1176): CodeIgniter\View\View->render('back/usuario/editar_usuarios', [], true)
 6 APPPATH\Controllers\Home.php(46): view('back/usuario/editar_usuarios')
 7 SYSTEMPATH\CodeIgniter.php(932): App\Controllers\Home->editar_usuarios()
 8 SYSTEMPATH\CodeIgniter.php(497): CodeIgniter\CodeIgniter->runController(Object(App\Controllers\Home))
 9 SYSTEMPATH\CodeIgniter.php(366): CodeIgniter\CodeIgniter->handleRequest(null, Object(Config\Cache), false)
10 FCPATH\index.php(67): CodeIgniter\CodeIgniter->run()
